#
# There is insufficient memory for the Java Runtime Environment to continue.
# Native memory allocation (malloc) failed to allocate 1099936 bytes for Chunk::new
# Possible reasons:
#   The system is out of physical RAM or swap space
#   The process is running with CompressedOops enabled, and the Java Heap may be blocking the growth of the native heap
# Possible solutions:
#   Reduce memory load on the system
#   Increase physical memory or swap space
#   Check if swap backing store is full
#   Decrease Java heap size (-Xmx/-Xms)
#   Decrease number of Java threads
#   Decrease Java thread stack sizes (-Xss)
#   Set larger code cache with -XX:ReservedCodeCacheSize=
#   JVM is running with Unscaled Compressed Oops mode in which the Java heap is
#     placed in the first 4GB address space. The Java Heap base address is the
#     maximum limit for the native heap growth. Please use -XX:HeapBaseMinAddress
#     to set the Java Heap base and to place the Java Heap above 4GB virtual address.
# This output file may be truncated or incomplete.
#
#  Out of Memory Error (arena.cpp:168), pid=7808, tid=3292
#
# JRE version: Java(TM) SE Runtime Environment (21.0.2+13) (build 21.0.2+13-LTS-58)
# Java VM: Java HotSpot(TM) 64-Bit Server VM (21.0.2+13-LTS-58, mixed mode, sharing, tiered, compressed oops, compressed class ptrs, g1 gc, windows-amd64)
# No core dump will be written. Minidumps are not enabled by default on client versions of Windows
#

---------------  S U M M A R Y ------------

Command Line: -Dapplication.home=C:\Program Files\Java\jdk-21 --add-modules=ALL-DEFAULT -Xms8m -Djdk.module.main=jdk.compiler jdk.compiler/com.sun.tools.javac.Main -d C:\Users\glori\OneDrive\Documentos\NetBeansProjects\Proyecto-Balances\PantallaInicio\build\classes -classpath C:\Users\glori\OneDrive\Documentos\NetBeansProjects\Proyecto-Balances\PantallaInicio\build\classes -sourcepath C:\Users\glori\OneDrive\Documentos\NetBeansProjects\Proyecto-Balances\PantallaInicio\build\empty -target 21 -encoding UTF-8 -g -processorpath C:\Users\glori\OneDrive\Documentos\NetBeansProjects\Proyecto-Balances\PantallaInicio\build\empty -s C:\Users\glori\OneDrive\Documentos\NetBeansProjects\Proyecto-Balances\PantallaInicio\build\generated-sources\ap-source-output -source 21 C:\Users\glori\OneDrive\Documentos\NetBeansProjects\Proyecto-Balances\PantallaInicio\src\Inicio\Inicio.java

Host: Intel(R) Celeron(R) N4020 CPU @ 1.10GHz, 2 cores, 3G,  Windows 11 , 64 bit Build 22621 (10.0.22621.3085)
Time: Sat Mar  2 19:26:49 2024 Hora estándar central (México) elapsed time: 7.459860 seconds (0d 0h 0m 7s)

---------------  T H R E A D  ---------------

Current thread (0x0000014c62919850):  JavaThread "C2 CompilerThread0" daemon [_thread_in_native, id=3292, stack(0x0000000551100000,0x0000000551200000) (1024K)]


Current CompileTask:
C2:   7459 1859       4       com.sun.tools.javac.comp.Resolve::findInheritedMemberType (186 bytes)

Stack: [0x0000000551100000,0x0000000551200000]
Native frames: (J=compiled Java code, j=interpreted, Vv=VM code, C=native code)
V  [jvm.dll+0x6cade9]
V  [jvm.dll+0x8569c1]
V  [jvm.dll+0x858d2e]
V  [jvm.dll+0x859413]
V  [jvm.dll+0x280e56]
V  [jvm.dll+0xc3f3d]
V  [jvm.dll+0xc4473]
V  [jvm.dll+0x2f437f]
V  [jvm.dll+0x5f5056]
V  [jvm.dll+0x252d7f]
V  [jvm.dll+0x24b589]
V  [jvm.dll+0x2490a3]
V  [jvm.dll+0x1c9634]
V  [jvm.dll+0x258859]
V  [jvm.dll+0x256e3a]
V  [jvm.dll+0x3ef6c6]
V  [jvm.dll+0x7ff568]
V  [jvm.dll+0x6c953d]
C  [ucrtbase.dll+0x29363]
C  [KERNEL32.DLL+0x1257d]
C  [ntdll.dll+0x5aa58]


---------------  P R O C E S S  ---------------

Threads class SMR info:
_java_thread_list=0x0000014c62c29460, length=11, elements={
0x0000014c48229860, 0x0000014c6290c5c0, 0x0000014c6290d690, 0x0000014c6290f610,
0x0000014c62912cb0, 0x0000014c62913710, 0x0000014c62914170, 0x0000014c62919850,
0x0000014c6293ada0, 0x0000014c628fbda0, 0x0000014c62c42650
}

Java Threads: ( => current thread )
  0x0000014c48229860 JavaThread "main"                              [_thread_in_Java, id=3716, stack(0x0000000550300000,0x0000000550400000) (1024K)]
  0x0000014c6290c5c0 JavaThread "Reference Handler"          daemon [_thread_blocked, id=11036, stack(0x0000000550b00000,0x0000000550c00000) (1024K)]
  0x0000014c6290d690 JavaThread "Finalizer"                  daemon [_thread_blocked, id=12504, stack(0x0000000550c00000,0x0000000550d00000) (1024K)]
  0x0000014c6290f610 JavaThread "Signal Dispatcher"          daemon [_thread_blocked, id=1816, stack(0x0000000550d00000,0x0000000550e00000) (1024K)]
  0x0000014c62912cb0 JavaThread "Attach Listener"            daemon [_thread_blocked, id=11160, stack(0x0000000550e00000,0x0000000550f00000) (1024K)]
  0x0000014c62913710 JavaThread "Service Thread"             daemon [_thread_blocked, id=5704, stack(0x0000000550f00000,0x0000000551000000) (1024K)]
  0x0000014c62914170 JavaThread "Monitor Deflation Thread"   daemon [_thread_blocked, id=6248, stack(0x0000000551000000,0x0000000551100000) (1024K)]
=>0x0000014c62919850 JavaThread "C2 CompilerThread0"         daemon [_thread_in_native, id=3292, stack(0x0000000551100000,0x0000000551200000) (1024K)]
  0x0000014c6293ada0 JavaThread "C1 CompilerThread0"         daemon [_thread_blocked, id=5828, stack(0x0000000551200000,0x0000000551300000) (1024K)]
  0x0000014c628fbda0 JavaThread "Common-Cleaner"             daemon [_thread_blocked, id=8840, stack(0x0000000551300000,0x0000000551400000) (1024K)]
  0x0000014c62c42650 JavaThread "Notification Thread"        daemon [_thread_blocked, id=13676, stack(0x0000000551400000,0x0000000551500000) (1024K)]
Total: 11

Other Threads:
  0x0000014c482e27e0 VMThread "VM Thread"                           [id=5804, stack(0x0000000550a00000,0x0000000550b00000) (1024K)]
  0x0000014c628fa9f0 WatcherThread "VM Periodic Task Thread"        [id=11844, stack(0x0000000550900000,0x0000000550a00000) (1024K)]
  0x0000014c4825af00 WorkerThread "GC Thread#0"                     [id=13536, stack(0x0000000550400000,0x0000000550500000) (1024K)]
  0x0000014c62e87d70 WorkerThread "GC Thread#1"                     [id=13680, stack(0x0000000551500000,0x0000000551600000) (1024K)]
  0x0000014c482638e0 ConcurrentGCThread "G1 Main Marker"            [id=2236, stack(0x0000000550500000,0x0000000550600000) (1024K)]
  0x0000014c48264da0 WorkerThread "G1 Conc#0"                       [id=236, stack(0x0000000550600000,0x0000000550700000) (1024K)]
  0x0000014c48274e70 ConcurrentGCThread "G1 Refine#0"               [id=2680, stack(0x0000000550700000,0x0000000550800000) (1024K)]
  0x0000014c482759e0 ConcurrentGCThread "G1 Service"                [id=5744, stack(0x0000000550800000,0x0000000550900000) (1024K)]
Total: 8

Threads with active compile tasks:
C2 CompilerThread0     7520 1859       4       com.sun.tools.javac.comp.Resolve::findInheritedMemberType (186 bytes)
Total: 1

VM state: not at safepoint (normal execution)

VM Mutex/Monitor currently owned by a thread: None

Heap address: 0x00000000c3000000, size: 976 MB, Compressed Oops mode: 32-bit

CDS archive(s) mapped at: [0x0000014c00000000-0x0000014c00c90000-0x0000014c00c90000), size 13172736, SharedBaseAddress: 0x0000014c00000000, ArchiveRelocationMode: 1.
Compressed class space mapped at: 0x0000014c01000000-0x0000014c41000000, reserved size: 1073741824
Narrow klass base: 0x0000014c00000000, Narrow klass shift: 0, Narrow klass range: 0x100000000

GC Precious Log:
 CardTable entry size: 512
 Card Set container configuration: InlinePtr #cards 5 size 8 Array Of Cards #cards 12 size 40 Howl #buckets 4 coarsen threshold 1843 Howl Bitmap #cards 512 size 80 coarsen threshold 460 Card regions per heap region 1 cards per card region 2048
 CPUs: 2 total, 2 available
 Memory: 3899M
 Large Page Support: Disabled
 NUMA Support: Disabled
 Compressed Oops: Enabled (32-bit)
 Heap Region Size: 1M
 Heap Min Capacity: 8M
 Heap Initial Capacity: 8M
 Heap Max Capacity: 976M
 Pre-touch: Disabled
 Parallel Workers: 2
 Concurrent Workers: 1
 Concurrent Refinement Workers: 2
 Periodic GC: Disabled

Heap:
 garbage-first heap   total 17408K, used 9782K [0x00000000c3000000, 0x0000000100000000)
  region size 1024K, 4 young (4096K), 1 survivors (1024K)
 Metaspace       used 9582K, committed 9792K, reserved 1114112K
  class space    used 1042K, committed 1152K, reserved 1048576K

Heap Regions: E=young(eden), S=young(survivor), O=old, HS=humongous(starts), HC=humongous(continues), CS=collection set, F=free, TAMS=top-at-mark-start, PB=parsable bottom
|   0|0x00000000c3000000, 0x00000000c3100000, 0x00000000c3100000|100%| O|  |TAMS 0x00000000c3000000| PB 0x00000000c3000000| Untracked 
|   1|0x00000000c3100000, 0x00000000c3200000, 0x00000000c3200000|100%| O|  |TAMS 0x00000000c3100000| PB 0x00000000c3100000| Untracked 
|   2|0x00000000c3200000, 0x00000000c3300000, 0x00000000c3300000|100%| O|  |TAMS 0x00000000c3200000| PB 0x00000000c3200000| Untracked 
|   3|0x00000000c3300000, 0x00000000c3400000, 0x00000000c3400000|100%| O|  |TAMS 0x00000000c3300000| PB 0x00000000c3300000| Untracked 
|   4|0x00000000c3400000, 0x00000000c3500000, 0x00000000c3500000|100%| O|  |TAMS 0x00000000c3400000| PB 0x00000000c3400000| Untracked 
|   5|0x00000000c3500000, 0x00000000c3600000, 0x00000000c3600000|100%| O|  |TAMS 0x00000000c3500000| PB 0x00000000c3500000| Untracked 
|   6|0x00000000c3600000, 0x00000000c36e45c8, 0x00000000c3700000| 89%| O|  |TAMS 0x00000000c3600000| PB 0x00000000c3600000| Untracked 
|   7|0x00000000c3700000, 0x00000000c3700000, 0x00000000c3800000|  0%| F|  |TAMS 0x00000000c3700000| PB 0x00000000c3700000| Untracked 
|   8|0x00000000c3800000, 0x00000000c3800000, 0x00000000c3900000|  0%| F|  |TAMS 0x00000000c3800000| PB 0x00000000c3800000| Untracked 
|   9|0x00000000c3900000, 0x00000000c3900000, 0x00000000c3a00000|  0%| F|  |TAMS 0x00000000c3900000| PB 0x00000000c3900000| Untracked 
|  10|0x00000000c3a00000, 0x00000000c3aa9548, 0x00000000c3b00000| 66%| S|CS|TAMS 0x00000000c3a00000| PB 0x00000000c3a00000| Complete 
|  11|0x00000000c3b00000, 0x00000000c3b00000, 0x00000000c3c00000|  0%| F|  |TAMS 0x00000000c3b00000| PB 0x00000000c3b00000| Untracked 
|  12|0x00000000c3c00000, 0x00000000c3c00000, 0x00000000c3d00000|  0%| F|  |TAMS 0x00000000c3c00000| PB 0x00000000c3c00000| Untracked 
|  13|0x00000000c3d00000, 0x00000000c3d00000, 0x00000000c3e00000|  0%| F|  |TAMS 0x00000000c3d00000| PB 0x00000000c3d00000| Untracked 
|  14|0x00000000c3e00000, 0x00000000c3efbe80, 0x00000000c3f00000| 98%| E|  |TAMS 0x00000000c3e00000| PB 0x00000000c3e00000| Complete 
|  15|0x00000000c3f00000, 0x00000000c4000000, 0x00000000c4000000|100%| E|CS|TAMS 0x00000000c3f00000| PB 0x00000000c3f00000| Complete 
|  16|0x00000000c4000000, 0x00000000c4100000, 0x00000000c4100000|100%| E|CS|TAMS 0x00000000c4000000| PB 0x00000000c4000000| Complete 

Card table byte_map: [0x0000014c47ff0000,0x0000014c481e0000] _byte_map_base: 0x0000014c479d8000

Marking Bits: (CMBitMap*) 0x0000014c4825b600
 Bits: [0x0000014c5f690000, 0x0000014c605d0000)

Polling page: 0x0000014c463b0000

Metaspace:

Usage:
  Non-class:      8.34 MB used.
      Class:      1.02 MB used.
       Both:      9.36 MB used.

Virtual space:
  Non-class space:       64.00 MB reserved,       8.44 MB ( 13%) committed,  1 nodes.
      Class space:        1.00 GB reserved,       1.12 MB ( <1%) committed,  1 nodes.
             Both:        1.06 GB reserved,       9.56 MB ( <1%) committed. 

Chunk freelists:
   Non-Class:  5.36 MB
       Class:  14.84 MB
        Both:  20.20 MB

MaxMetaspaceSize: unlimited
CompressedClassSpaceSize: 1.00 GB
Initial GC threshold: 21.00 MB
Current GC threshold: 21.00 MB
CDS: on
 - commit_granule_bytes: 65536.
 - commit_granule_words: 8192.
 - virtual_space_node_default_size: 8388608.
 - enlarge_chunks_in_place: 1.
 - use_allocation_guard: 0.


Internal statistics:

num_allocs_failed_limit: 0.
num_arena_births: 72.
num_arena_deaths: 0.
num_vsnodes_births: 2.
num_vsnodes_deaths: 0.
num_space_committed: 153.
num_space_uncommitted: 0.
num_chunks_returned_to_freelist: 0.
num_chunks_taken_from_freelist: 385.
num_chunk_merges: 0.
num_chunk_splits: 280.
num_chunks_enlarged: 229.
num_inconsistent_stats: 0.

CodeHeap 'non-profiled nmethods': size=120064Kb used=627Kb max_used=627Kb free=119437Kb
 bounds [0x0000014c58150000, 0x0000014c583c0000, 0x0000014c5f690000]
CodeHeap 'profiled nmethods': size=120000Kb used=3925Kb max_used=3925Kb free=116074Kb
 bounds [0x0000014c50690000, 0x0000014c50a70000, 0x0000014c57bc0000]
CodeHeap 'non-nmethods': size=5696Kb used=1346Kb max_used=1380Kb free=4349Kb
 bounds [0x0000014c57bc0000, 0x0000014c57e30000, 0x0000014c58150000]
 total_blobs=2309 nmethods=1864 adapters=350
 compilation: enabled
              stopped_count=0, restarted_count=0
 full_count=0

Compilation events (20 events):
Event: 7.209 Thread 0x0000014c6293ada0 1857       3       com.sun.tools.javac.code.Scope$FilterImportScope$SymbolImporter::<init> (33 bytes)
Event: 7.209 Thread 0x0000014c6293ada0 nmethod 1857 0x0000014c50a5e390 code [0x0000014c50a5e580, 0x0000014c50a5ec30]
Event: 7.210 Thread 0x0000014c6293ada0 1858       3       com.sun.tools.javac.code.Scope$FilterImportScope$SymbolImporter::importFrom (111 bytes)
Event: 7.211 Thread 0x0000014c6293ada0 nmethod 1858 0x0000014c50a5ee90 code [0x0000014c50a5f1a0, 0x0000014c50a606c8]
Event: 7.214 Thread 0x0000014c6293ada0 1860       3       com.sun.tools.javac.code.Type$JCPrimitiveType::constType (13 bytes)
Event: 7.215 Thread 0x0000014c6293ada0 nmethod 1860 0x0000014c50a60d90 code [0x0000014c50a61020, 0x0000014c50a61f38]
Event: 7.216 Thread 0x0000014c6293ada0 1861       3       com.sun.tools.javac.code.Type$JCPrimitiveType::cloneWithMetadata (6 bytes)
Event: 7.216 Thread 0x0000014c6293ada0 nmethod 1861 0x0000014c50a62390 code [0x0000014c50a62540, 0x0000014c50a62700]
Event: 7.216 Thread 0x0000014c6293ada0 1862       3       com.sun.tools.javac.code.Type$JCPrimitiveType$1::<init> (14 bytes)
Event: 7.217 Thread 0x0000014c6293ada0 nmethod 1862 0x0000014c50a62790 code [0x0000014c50a629c0, 0x0000014c50a63178]
Event: 7.221 Thread 0x0000014c6293ada0 1863       3       com.sun.tools.javac.comp.Resolve::resolveIdent (27 bytes)
Event: 7.221 Thread 0x0000014c6293ada0 nmethod 1863 0x0000014c50a63490 code [0x0000014c50a63660, 0x0000014c50a63840]
Event: 7.224 Thread 0x0000014c6293ada0 1864       3       com.sun.tools.javac.tree.JCTree$Visitor::<init> (5 bytes)
Event: 7.224 Thread 0x0000014c6293ada0 nmethod 1864 0x0000014c50a63990 code [0x0000014c50a63b40, 0x0000014c50a63ca8]
Event: 7.224 Thread 0x0000014c6293ada0 1865       3       com.sun.tools.javac.comp.Resolve::findIdentInternal (102 bytes)
Event: 7.225 Thread 0x0000014c6293ada0 nmethod 1865 0x0000014c50a63d90 code [0x0000014c50a64020, 0x0000014c50a64b88]
Event: 7.226 Thread 0x0000014c6293ada0 1866       3       java.util.stream.AbstractPipeline::wrapAndCopyInto (18 bytes)
Event: 7.226 Thread 0x0000014c6293ada0 nmethod 1866 0x0000014c50a65010 code [0x0000014c50a65200, 0x0000014c50a65610]
Event: 7.231 Thread 0x0000014c62919850 nmethod 1855 0x0000014c581eb490 code [0x0000014c581eb6e0, 0x0000014c581ec008]
Event: 7.231 Thread 0x0000014c62919850 1859       4       com.sun.tools.javac.comp.Resolve::findInheritedMemberType (186 bytes)

GC Heap History (20 events):
Event: 4.195 GC heap before
{Heap before GC invocations=4 (full 0):
 garbage-first heap   total 8192K, used 3462K [0x00000000c3000000, 0x0000000100000000)
  region size 1024K, 2 young (2048K), 1 survivors (1024K)
 Metaspace       used 8222K, committed 8384K, reserved 1114112K
  class space    used 919K, committed 1024K, reserved 1048576K
}
Event: 4.198 GC heap after
{Heap after GC invocations=5 (full 0):
 garbage-first heap   total 8192K, used 2882K [0x00000000c3000000, 0x0000000100000000)
  region size 1024K, 1 young (1024K), 1 survivors (1024K)
 Metaspace       used 8222K, committed 8384K, reserved 1114112K
  class space    used 919K, committed 1024K, reserved 1048576K
}
Event: 4.517 GC heap before
{Heap before GC invocations=5 (full 0):
 garbage-first heap   total 8192K, used 3906K [0x00000000c3000000, 0x0000000100000000)
  region size 1024K, 2 young (2048K), 1 survivors (1024K)
 Metaspace       used 8370K, committed 8512K, reserved 1114112K
  class space    used 940K, committed 1024K, reserved 1048576K
}
Event: 4.526 GC heap after
{Heap after GC invocations=6 (full 0):
 garbage-first heap   total 8192K, used 3179K [0x00000000c3000000, 0x0000000100000000)
  region size 1024K, 1 young (1024K), 1 survivors (1024K)
 Metaspace       used 8370K, committed 8512K, reserved 1114112K
  class space    used 940K, committed 1024K, reserved 1048576K
}
Event: 4.712 GC heap before
{Heap before GC invocations=6 (full 0):
 garbage-first heap   total 8192K, used 4203K [0x00000000c3000000, 0x0000000100000000)
  region size 1024K, 2 young (2048K), 1 survivors (1024K)
 Metaspace       used 8434K, committed 8640K, reserved 1114112K
  class space    used 945K, committed 1024K, reserved 1048576K
}
Event: 4.716 GC heap after
{Heap after GC invocations=7 (full 0):
 garbage-first heap   total 10240K, used 3389K [0x00000000c3000000, 0x0000000100000000)
  region size 1024K, 1 young (1024K), 1 survivors (1024K)
 Metaspace       used 8434K, committed 8640K, reserved 1114112K
  class space    used 945K, committed 1024K, reserved 1048576K
}
Event: 4.768 GC heap before
{Heap before GC invocations=7 (full 0):
 garbage-first heap   total 10240K, used 5437K [0x00000000c3000000, 0x0000000100000000)
  region size 1024K, 3 young (3072K), 1 survivors (1024K)
 Metaspace       used 8490K, committed 8704K, reserved 1114112K
  class space    used 945K, committed 1024K, reserved 1048576K
}
Event: 4.772 GC heap after
{Heap after GC invocations=8 (full 0):
 garbage-first heap   total 10240K, used 3630K [0x00000000c3000000, 0x0000000100000000)
  region size 1024K, 1 young (1024K), 1 survivors (1024K)
 Metaspace       used 8490K, committed 8704K, reserved 1114112K
  class space    used 945K, committed 1024K, reserved 1048576K
}
Event: 4.823 GC heap before
{Heap before GC invocations=8 (full 0):
 garbage-first heap   total 10240K, used 6702K [0x00000000c3000000, 0x0000000100000000)
  region size 1024K, 4 young (4096K), 1 survivors (1024K)
 Metaspace       used 8559K, committed 8768K, reserved 1114112K
  class space    used 959K, committed 1088K, reserved 1048576K
}
Event: 4.826 GC heap after
{Heap after GC invocations=9 (full 0):
 garbage-first heap   total 10240K, used 4048K [0x00000000c3000000, 0x0000000100000000)
  region size 1024K, 1 young (1024K), 1 survivors (1024K)
 Metaspace       used 8559K, committed 8768K, reserved 1114112K
  class space    used 959K, committed 1088K, reserved 1048576K
}
Event: 4.848 GC heap before
{Heap before GC invocations=9 (full 0):
 garbage-first heap   total 10240K, used 6096K [0x00000000c3000000, 0x0000000100000000)
  region size 1024K, 3 young (3072K), 1 survivors (1024K)
 Metaspace       used 8567K, committed 8832K, reserved 1114112K
  class space    used 959K, committed 1088K, reserved 1048576K
}
Event: 4.851 GC heap after
{Heap after GC invocations=10 (full 0):
 garbage-first heap   total 10240K, used 4355K [0x00000000c3000000, 0x0000000100000000)
  region size 1024K, 1 young (1024K), 1 survivors (1024K)
 Metaspace       used 8567K, committed 8832K, reserved 1114112K
  class space    used 959K, committed 1088K, reserved 1048576K
}
Event: 4.932 GC heap before
{Heap before GC invocations=10 (full 0):
 garbage-first heap   total 10240K, used 6403K [0x00000000c3000000, 0x0000000100000000)
  region size 1024K, 3 young (3072K), 1 survivors (1024K)
 Metaspace       used 8646K, committed 8896K, reserved 1114112K
  class space    used 970K, committed 1088K, reserved 1048576K
}
Event: 4.935 GC heap after
{Heap after GC invocations=11 (full 0):
 garbage-first heap   total 17408K, used 4657K [0x00000000c3000000, 0x0000000100000000)
  region size 1024K, 1 young (1024K), 1 survivors (1024K)
 Metaspace       used 8646K, committed 8896K, reserved 1114112K
  class space    used 970K, committed 1088K, reserved 1048576K
}
Event: 5.495 GC heap before
{Heap before GC invocations=11 (full 0):
 garbage-first heap   total 17408K, used 10801K [0x00000000c3000000, 0x0000000100000000)
  region size 1024K, 8 young (8192K), 1 survivors (1024K)
 Metaspace       used 8778K, committed 8960K, reserved 1114112K
  class space    used 979K, committed 1088K, reserved 1048576K
}
Event: 5.507 GC heap after
{Heap after GC invocations=12 (full 0):
 garbage-first heap   total 17408K, used 6144K [0x00000000c3000000, 0x0000000100000000)
  region size 1024K, 1 young (1024K), 1 survivors (1024K)
 Metaspace       used 8778K, committed 8960K, reserved 1114112K
  class space    used 979K, committed 1088K, reserved 1048576K
}
Event: 6.699 GC heap before
{Heap before GC invocations=12 (full 0):
 garbage-first heap   total 17408K, used 11264K [0x00000000c3000000, 0x0000000100000000)
  region size 1024K, 6 young (6144K), 1 survivors (1024K)
 Metaspace       used 9462K, committed 9664K, reserved 1114112K
  class space    used 1038K, committed 1152K, reserved 1048576K
}
Event: 6.706 GC heap after
{Heap after GC invocations=13 (full 0):
 garbage-first heap   total 17408K, used 7045K [0x00000000c3000000, 0x0000000100000000)
  region size 1024K, 1 young (1024K), 1 survivors (1024K)
 Metaspace       used 9462K, committed 9664K, reserved 1114112K
  class space    used 1038K, committed 1152K, reserved 1048576K
}
Event: 6.800 GC heap before
{Heap before GC invocations=13 (full 0):
 garbage-first heap   total 17408K, used 12165K [0x00000000c3000000, 0x0000000100000000)
  region size 1024K, 6 young (6144K), 1 survivors (1024K)
 Metaspace       used 9472K, committed 9664K, reserved 1114112K
  class space    used 1038K, committed 1152K, reserved 1048576K
}
Event: 6.806 GC heap after
{Heap after GC invocations=14 (full 0):
 garbage-first heap   total 17408K, used 7734K [0x00000000c3000000, 0x0000000100000000)
  region size 1024K, 1 young (1024K), 1 survivors (1024K)
 Metaspace       used 9472K, committed 9664K, reserved 1114112K
  class space    used 1038K, committed 1152K, reserved 1048576K
}

Dll operation events (5 events):
Event: 0.034 Loaded shared library C:\Program Files\Java\jdk-21\bin\java.dll
Event: 0.147 Loaded shared library C:\Program Files\Java\jdk-21\bin\jsvml.dll
Event: 0.551 Loaded shared library C:\Program Files\Java\jdk-21\bin\jimage.dll
Event: 1.084 Loaded shared library C:\Program Files\Java\jdk-21\bin\net.dll
Event: 1.099 Loaded shared library C:\Program Files\Java\jdk-21\bin\nio.dll

Deoptimization events (20 events):
Event: 6.663 Thread 0x0000014c48229860 Uncommon trap: trap_request=0xffffffde fr.pc=0x0000014c581d2190 relative=0x00000000000004b0
Event: 6.663 Thread 0x0000014c48229860 Uncommon trap: reason=class_check action=maybe_recompile pc=0x0000014c581d2190 method=com.sun.tools.javac.code.Types$16.visitClassType(Lcom/sun/tools/javac/code/Type$ClassType;Ljava/lang/Void;)Lcom/sun/tools/javac/util/List; @ 46 c2
Event: 6.663 Thread 0x0000014c48229860 DEOPT PACKING pc=0x0000014c581d2190 sp=0x00000005503fc370
Event: 6.663 Thread 0x0000014c48229860 DEOPT UNPACKING pc=0x0000014c57c1469c sp=0x00000005503fc2b0 mode 2
Event: 6.663 Thread 0x0000014c48229860 Uncommon trap: trap_request=0xffffffde fr.pc=0x0000014c581d0c40 relative=0x00000000000004c0
Event: 6.663 Thread 0x0000014c48229860 Uncommon trap: reason=class_check action=maybe_recompile pc=0x0000014c581d0c40 method=com.sun.tools.javac.code.Types$15.visitClassType(Lcom/sun/tools/javac/code/Type$ClassType;Ljava/lang/Void;)Lcom/sun/tools/javac/code/Type; @ 19 c2
Event: 6.663 Thread 0x0000014c48229860 DEOPT PACKING pc=0x0000014c581d0c40 sp=0x00000005503fc320
Event: 6.663 Thread 0x0000014c48229860 DEOPT UNPACKING pc=0x0000014c57c1469c sp=0x00000005503fc2e0 mode 2
Event: 6.724 Thread 0x0000014c48229860 Uncommon trap: trap_request=0xffffff45 fr.pc=0x0000014c581b7420 relative=0x00000000000001e0
Event: 6.724 Thread 0x0000014c48229860 Uncommon trap: reason=unstable_if action=reinterpret pc=0x0000014c581b7420 method=java.lang.CharacterDataLatin1.isJavaIdentifierPart(I)Z @ 11 c2
Event: 6.724 Thread 0x0000014c48229860 DEOPT PACKING pc=0x0000014c581b7420 sp=0x00000005503fcf10
Event: 6.724 Thread 0x0000014c48229860 DEOPT UNPACKING pc=0x0000014c57c1469c sp=0x00000005503fcdc8 mode 2
Event: 6.876 Thread 0x0000014c48229860 Uncommon trap: trap_request=0xffffffc6 fr.pc=0x0000014c5818c8e8 relative=0x0000000000000368
Event: 6.876 Thread 0x0000014c48229860 Uncommon trap: reason=bimorphic_or_optimized_type_check action=maybe_recompile pc=0x0000014c5818c8e8 method=java.util.HashMap.getNode(Ljava/lang/Object;)Ljava/util/HashMap$Node; @ 63 c2
Event: 6.876 Thread 0x0000014c48229860 DEOPT PACKING pc=0x0000014c5818c8e8 sp=0x00000005503fd8e0
Event: 6.876 Thread 0x0000014c48229860 DEOPT UNPACKING pc=0x0000014c57c1469c sp=0x00000005503fd7e8 mode 2
Event: 7.087 Thread 0x0000014c48229860 Uncommon trap: trap_request=0xffffff45 fr.pc=0x0000014c581e9280 relative=0x0000000000000060
Event: 7.087 Thread 0x0000014c48229860 Uncommon trap: reason=unstable_if action=reinterpret pc=0x0000014c581e9280 method=com.sun.tools.javac.code.Kinds$Kind.betterThan(Lcom/sun/tools/javac/code/Kinds$Kind;)Z @ 8 c2
Event: 7.087 Thread 0x0000014c48229860 DEOPT PACKING pc=0x0000014c581e9280 sp=0x00000005503fc960
Event: 7.087 Thread 0x0000014c48229860 DEOPT UNPACKING pc=0x0000014c57c1469c sp=0x00000005503fc8a0 mode 2

Classes loaded (20 events):
Event: 4.113 Loading class java/util/stream/MatchOps$1MatchSink
Event: 4.113 Loading class java/util/stream/MatchOps$1MatchSink done
Event: 4.264 Loading class java/util/RegularEnumSet$EnumSetIterator
Event: 4.264 Loading class java/util/RegularEnumSet$EnumSetIterator done
Event: 4.602 Loading class java/nio/file/Files$AcceptAllFilter
Event: 4.607 Loading class java/nio/file/Files$AcceptAllFilter done
Event: 4.607 Loading class java/nio/file/Files$2
Event: 4.607 Loading class java/nio/file/Files$2 done
Event: 4.608 Loading class java/util/ImmutableCollections$Access
Event: 4.609 Loading class java/util/ImmutableCollections$Access done
Event: 4.609 Loading class java/util/ImmutableCollections$Access$1
Event: 4.609 Loading class jdk/internal/access/JavaUtilCollectionAccess
Event: 4.609 Loading class jdk/internal/access/JavaUtilCollectionAccess done
Event: 4.609 Loading class java/util/ImmutableCollections$Access$1 done
Event: 4.610 Loading class java/util/stream/Nodes$SpinedNodeBuilder
Event: 4.611 Loading class java/util/stream/Nodes$SpinedNodeBuilder done
Event: 4.778 Loading class java/util/LinkedList$Node
Event: 4.779 Loading class java/util/LinkedList$Node done
Event: 4.864 Loading class java/lang/invoke/MethodHandle$1
Event: 4.865 Loading class java/lang/invoke/MethodHandle$1 done

Classes unloaded (0 events):
No events

Classes redefined (0 events):
No events

Internal exceptions (20 events):
Event: 3.224 Thread 0x0000014c48229860 Exception <a 'java/lang/NoSuchMethodError'{0x00000000c374b248}: 'int java.lang.invoke.DirectMethodHandle$Holder.invokeVirtual(java.lang.Object, java.lang.Object)'> (0x00000000c374b248) 
thrown [s\open\src\hotspot\share\interpreter\linkResolver.cpp, line 773]
Event: 3.246 Thread 0x0000014c48229860 Exception <a 'java/lang/NoSuchMethodError'{0x00000000c376dcb0}: 'java.lang.Object java.lang.invoke.DirectMethodHandle$Holder.newInvokeSpecial(java.lang.Object, java.lang.Object, java.lang.Object, java.lang.Object, java.lang.Object)'> (0x00000000c376dcb0) 
thrown [s\open\src\hotspot\share\interpreter\linkResolver.cpp, line 773]
Event: 3.253 Thread 0x0000014c48229860 Exception <a 'java/lang/NoSuchMethodError'{0x00000000c377b350}: 'java.lang.Object java.lang.invoke.DirectMethodHandle$Holder.newInvokeSpecial(java.lang.Object, java.lang.Object, java.lang.Object, java.lang.Object, java.lang.Object, java.lang.Object)'> (0x00000000c377b350) 
thrown [s\open\src\hotspot\share\interpreter\linkResolver.cpp, line 773]
Event: 3.350 Thread 0x0000014c48229860 Exception <a 'sun/nio/fs/WindowsException'{0x00000000c37c2f18}> (0x00000000c37c2f18) 
thrown [s\open\src\hotspot\share\prims\jni.cpp, line 520]
Event: 3.931 Thread 0x0000014c48229860 Exception <a 'sun/nio/fs/WindowsException'{0x00000000c3786cb8}> (0x00000000c3786cb8) 
thrown [s\open\src\hotspot\share\prims\jni.cpp, line 520]
Event: 3.931 Thread 0x0000014c48229860 Exception <a 'sun/nio/fs/WindowsException'{0x00000000c3787700}> (0x00000000c3787700) 
thrown [s\open\src\hotspot\share\prims\jni.cpp, line 520]
Event: 4.042 Thread 0x0000014c48229860 Exception <a 'java/lang/NoSuchMethodError'{0x00000000c374cdc0}: 'java.lang.Object java.lang.invoke.DirectMethodHandle$Holder.invokeSpecial(java.lang.Object, java.lang.Object, java.lang.Object, int, int)'> (0x00000000c374cdc0) 
thrown [s\open\src\hotspot\share\interpreter\linkResolver.cpp, line 773]
Event: 4.047 Thread 0x0000014c48229860 Exception <a 'java/lang/NoSuchMethodError'{0x00000000c37532f0}: 'java.lang.Object java.lang.invoke.DirectMethodHandle$Holder.invokeVirtual(java.lang.Object, java.lang.Object, int)'> (0x00000000c37532f0) 
thrown [s\open\src\hotspot\share\interpreter\linkResolver.cpp, line 773]
Event: 4.280 Thread 0x0000014c48229860 Exception <a 'java/lang/NoSuchMethodError'{0x00000000c37ae150}: 'void java.lang.invoke.DirectMethodHandle$Holder.invokeStatic(java.lang.Object, java.lang.Object)'> (0x00000000c37ae150) 
thrown [s\open\src\hotspot\share\interpreter\linkResolver.cpp, line 773]
Event: 4.401 Thread 0x0000014c48229860 Exception <a 'sun/nio/fs/WindowsException'{0x00000000c37b7440}> (0x00000000c37b7440) 
thrown [s\open\src\hotspot\share\prims\jni.cpp, line 520]
Event: 4.440 Thread 0x0000014c48229860 Exception <a 'sun/nio/fs/WindowsException'{0x00000000c37bbfd8}> (0x00000000c37bbfd8) 
thrown [s\open\src\hotspot\share\prims\jni.cpp, line 520]
Event: 4.790 Thread 0x0000014c48229860 Exception <a 'java/lang/NoSuchMethodError'{0x00000000c3960b98}: 'java.lang.Object java.lang.invoke.DirectMethodHandle$Holder.invokeInterface(java.lang.Object, java.lang.Object)'> (0x00000000c3960b98) 
thrown [s\open\src\hotspot\share\interpreter\linkResolver.cpp, line 773]
Event: 4.792 Thread 0x0000014c48229860 Exception <a 'java/lang/NoSuchMethodError'{0x00000000c39669e8}: 'int java.lang.invoke.DirectMethodHandle$Holder.invokeSpecial(java.lang.Object, java.lang.Object, java.lang.Object)'> (0x00000000c39669e8) 
thrown [s\open\src\hotspot\share\interpreter\linkResolver.cpp, line 773]
Event: 4.796 Thread 0x0000014c48229860 Exception <a 'sun/nio/fs/WindowsException'{0x00000000c3971ad0}> (0x00000000c3971ad0) 
thrown [s\open\src\hotspot\share\prims\jni.cpp, line 520]
Event: 4.796 Thread 0x0000014c48229860 Exception <a 'sun/nio/fs/WindowsException'{0x00000000c3972628}> (0x00000000c3972628) 
thrown [s\open\src\hotspot\share\prims\jni.cpp, line 520]
Event: 4.862 Thread 0x0000014c48229860 Exception <a 'java/lang/NoSuchMethodError'{0x00000000c3955030}: 'java.lang.Object java.lang.invoke.DirectMethodHandle$Holder.invokeVirtual(java.lang.Object, java.lang.Object, java.lang.Object, int, int)'> (0x00000000c3955030) 
thrown [s\open\src\hotspot\share\interpreter\linkResolver.cpp, line 773]
Event: 5.086 Thread 0x0000014c48229860 Exception <a 'java/lang/NoSuchMethodError'{0x00000000c3c4f1b0}: 'void java.lang.invoke.DirectMethodHandle$Holder.invokeSpecial(java.lang.Object, java.lang.Object, java.lang.Object, java.lang.Object, java.lang.Object)'> (0x00000000c3c4f1b0) 
thrown [s\open\src\hotspot\share\interpreter\linkResolver.cpp, line 773]
Event: 5.108 Thread 0x0000014c48229860 Exception <a 'sun/nio/fs/WindowsException'{0x00000000c3c57430}> (0x00000000c3c57430) 
thrown [s\open\src\hotspot\share\prims\jni.cpp, line 520]
Event: 5.108 Thread 0x0000014c48229860 Exception <a 'sun/nio/fs/WindowsException'{0x00000000c3c57f88}> (0x00000000c3c57f88) 
thrown [s\open\src\hotspot\share\prims\jni.cpp, line 520]
Event: 6.840 Thread 0x0000014c48229860 Exception <a 'java/lang/NoSuchMethodError'{0x00000000c3f516d0}: 'void java.lang.invoke.DirectMethodHandle$Holder.invokeVirtual(java.lang.Object, java.lang.Object)'> (0x00000000c3f516d0) 
thrown [s\open\src\hotspot\share\interpreter\linkResolver.cpp, line 773]

ZGC Phase Switch (0 events):
No events

VM Operations (20 events):
Event: 4.848 Executing VM operation: G1CollectForAllocation (G1 Evacuation Pause)
Event: 4.851 Executing VM operation: G1CollectForAllocation (G1 Evacuation Pause) done
Event: 4.932 Executing VM operation: G1CollectForAllocation (G1 Evacuation Pause)
Event: 4.935 Executing VM operation: G1CollectForAllocation (G1 Evacuation Pause) done
Event: 5.141 Executing VM operation: HandshakeAllThreads (Deoptimize)
Event: 5.141 Executing VM operation: HandshakeAllThreads (Deoptimize) done
Event: 5.495 Executing VM operation: G1CollectForAllocation (G1 Evacuation Pause)
Event: 5.507 Executing VM operation: G1CollectForAllocation (G1 Evacuation Pause) done
Event: 6.087 Executing VM operation: ICBufferFull
Event: 6.088 Executing VM operation: ICBufferFull done
Event: 6.622 Executing VM operation: ICBufferFull
Event: 6.623 Executing VM operation: ICBufferFull done
Event: 6.633 Executing VM operation: HandshakeAllThreads (Deoptimize)
Event: 6.633 Executing VM operation: HandshakeAllThreads (Deoptimize) done
Event: 6.633 Executing VM operation: HandshakeAllThreads (Deoptimize)
Event: 6.633 Executing VM operation: HandshakeAllThreads (Deoptimize) done
Event: 6.699 Executing VM operation: G1CollectForAllocation (G1 Evacuation Pause)
Event: 6.706 Executing VM operation: G1CollectForAllocation (G1 Evacuation Pause) done
Event: 6.800 Executing VM operation: G1CollectForAllocation (G1 Evacuation Pause)
Event: 6.806 Executing VM operation: G1CollectForAllocation (G1 Evacuation Pause) done

Events (11 events):
Event: 0.081 Thread 0x0000014c48229860 Thread added: 0x0000014c48229860
Event: 0.140 Thread 0x0000014c6290c5c0 Thread added: 0x0000014c6290c5c0
Event: 0.140 Thread 0x0000014c6290d690 Thread added: 0x0000014c6290d690
Event: 0.142 Thread 0x0000014c6290f610 Thread added: 0x0000014c6290f610
Event: 0.142 Thread 0x0000014c62912cb0 Thread added: 0x0000014c62912cb0
Event: 0.144 Thread 0x0000014c62913710 Thread added: 0x0000014c62913710
Event: 0.145 Thread 0x0000014c62914170 Thread added: 0x0000014c62914170
Event: 0.145 Thread 0x0000014c62919850 Thread added: 0x0000014c62919850
Event: 0.146 Thread 0x0000014c6293ada0 Thread added: 0x0000014c6293ada0
Event: 0.218 Thread 0x0000014c628fbda0 Thread added: 0x0000014c628fbda0
Event: 0.530 Thread 0x0000014c62c42650 Thread added: 0x0000014c62c42650


Dynamic libraries:
0x00007ff686e40000 - 0x00007ff686e48000 	C:\Program Files\Java\jdk-21\bin\javac.exe
0x00007ff885bb0000 - 0x00007ff885dc7000 	C:\WINDOWS\SYSTEM32\ntdll.dll
0x00007ff8843a0000 - 0x00007ff884464000 	C:\WINDOWS\System32\KERNEL32.DLL
0x00007ff883120000 - 0x00007ff8834c6000 	C:\WINDOWS\System32\KERNELBASE.dll
0x00007ff882ef0000 - 0x00007ff883001000 	C:\WINDOWS\System32\ucrtbase.dll
0x00007ff87c340000 - 0x00007ff87c359000 	C:\Program Files\Java\jdk-21\bin\jli.dll
0x00007ff883fc0000 - 0x00007ff884073000 	C:\WINDOWS\System32\ADVAPI32.dll
0x00007ff8839f0000 - 0x00007ff883a97000 	C:\WINDOWS\System32\msvcrt.dll
0x00007ff8849d0000 - 0x00007ff884a78000 	C:\WINDOWS\System32\sechost.dll
0x00007ff883670000 - 0x00007ff883698000 	C:\WINDOWS\System32\bcrypt.dll
0x00007ff883aa0000 - 0x00007ff883bb7000 	C:\WINDOWS\System32\RPCRT4.dll
0x00007ff883c50000 - 0x00007ff883dfe000 	C:\WINDOWS\System32\USER32.dll
0x00007ff8834d0000 - 0x00007ff8834f6000 	C:\WINDOWS\System32\win32u.dll
0x00007ff884e20000 - 0x00007ff884e49000 	C:\WINDOWS\System32\GDI32.dll
0x00007ff883720000 - 0x00007ff883838000 	C:\WINDOWS\System32\gdi32full.dll
0x00007ff883080000 - 0x00007ff88311a000 	C:\WINDOWS\System32\msvcp_win.dll
0x00007ff879290000 - 0x00007ff8792ab000 	C:\Program Files\Java\jdk-21\bin\VCRUNTIME140.dll
0x00007ff867c70000 - 0x00007ff867f03000 	C:\WINDOWS\WinSxS\amd64_microsoft.windows.common-controls_6595b64144ccf1df_6.0.22621.2506_none_270c5ae97388e100\COMCTL32.dll
0x00007ff8740a0000 - 0x00007ff8740aa000 	C:\WINDOWS\SYSTEM32\VERSION.dll
0x00007ff883e80000 - 0x00007ff883eb1000 	C:\WINDOWS\System32\IMM32.DLL
0x00007ff87c3f0000 - 0x00007ff87c3fc000 	C:\Program Files\Java\jdk-21\bin\vcruntime140_1.dll
0x00007ff8717a0000 - 0x00007ff87182e000 	C:\Program Files\Java\jdk-21\bin\msvcp140.dll
0x00007ff839400000 - 0x00007ff83a117000 	C:\Program Files\Java\jdk-21\bin\server\jvm.dll
0x00007ff883900000 - 0x00007ff883971000 	C:\WINDOWS\System32\WS2_32.dll
0x00007ff882dc0000 - 0x00007ff882e0d000 	C:\WINDOWS\SYSTEM32\POWRPROF.dll
0x00007ff87bad0000 - 0x00007ff87bb04000 	C:\WINDOWS\SYSTEM32\WINMM.dll
0x00007ff882da0000 - 0x00007ff882db3000 	C:\WINDOWS\SYSTEM32\UMPDC.dll
0x00007ff881f30000 - 0x00007ff881f48000 	C:\WINDOWS\SYSTEM32\kernel.appcore.dll
0x00007ff87c250000 - 0x00007ff87c25a000 	C:\Program Files\Java\jdk-21\bin\jimage.dll
0x00007ff8809f0000 - 0x00007ff880c23000 	C:\WINDOWS\SYSTEM32\DBGHELP.DLL
0x00007ff884a80000 - 0x00007ff884e09000 	C:\WINDOWS\System32\combase.dll
0x00007ff8848f0000 - 0x00007ff8849c7000 	C:\WINDOWS\System32\OLEAUT32.dll
0x00007ff877180000 - 0x00007ff8771b2000 	C:\WINDOWS\SYSTEM32\dbgcore.DLL
0x00007ff8836a0000 - 0x00007ff88371a000 	C:\WINDOWS\System32\bcryptPrimitives.dll
0x00007ff873f40000 - 0x00007ff873f5f000 	C:\Program Files\Java\jdk-21\bin\java.dll
0x00007ff884ea0000 - 0x00007ff8856fb000 	C:\WINDOWS\System32\SHELL32.dll
0x00007ff880e50000 - 0x00007ff881746000 	C:\WINDOWS\SYSTEM32\windows.storage.dll
0x00007ff880c30000 - 0x00007ff880d6e000 	C:\WINDOWS\SYSTEM32\wintypes.dll
0x00007ff883ec0000 - 0x00007ff883fb3000 	C:\WINDOWS\System32\SHCORE.dll
0x00007ff885b10000 - 0x00007ff885b6e000 	C:\WINDOWS\System32\shlwapi.dll
0x00007ff882e20000 - 0x00007ff882e46000 	C:\WINDOWS\SYSTEM32\profapi.dll
0x00007ff872360000 - 0x00007ff872437000 	C:\Program Files\Java\jdk-21\bin\jsvml.dll
0x00007ff87c220000 - 0x00007ff87c230000 	C:\Program Files\Java\jdk-21\bin\net.dll
0x00007ff87b650000 - 0x00007ff87b787000 	C:\WINDOWS\SYSTEM32\WINHTTP.dll
0x00007ff8823b0000 - 0x00007ff882419000 	C:\WINDOWS\system32\mswsock.dll
0x00007ff873e30000 - 0x00007ff873e46000 	C:\Program Files\Java\jdk-21\bin\nio.dll

dbghelp: loaded successfully - version: 4.0.5 - missing functions: none
symbol engine: initialized successfully - sym options: 0x614 - pdb path: .;C:\Program Files\Java\jdk-21\bin;C:\WINDOWS\SYSTEM32;C:\WINDOWS\WinSxS\amd64_microsoft.windows.common-controls_6595b64144ccf1df_6.0.22621.2506_none_270c5ae97388e100;C:\Program Files\Java\jdk-21\bin\server

VM Arguments:
jvm_args: -Dapplication.home=C:\Program Files\Java\jdk-21 --add-modules=ALL-DEFAULT -Xms8m -Djdk.module.main=jdk.compiler 
java_command: jdk.compiler/com.sun.tools.javac.Main -d C:\Users\glori\OneDrive\Documentos\NetBeansProjects\Proyecto-Balances\PantallaInicio\build\classes -classpath C:\Users\glori\OneDrive\Documentos\NetBeansProjects\Proyecto-Balances\PantallaInicio\build\classes -sourcepath C:\Users\glori\OneDrive\Documentos\NetBeansProjects\Proyecto-Balances\PantallaInicio\build\empty -target 21 -encoding UTF-8 -g -processorpath C:\Users\glori\OneDrive\Documentos\NetBeansProjects\Proyecto-Balances\PantallaInicio\build\empty -s C:\Users\glori\OneDrive\Documentos\NetBeansProjects\Proyecto-Balances\PantallaInicio\build\generated-sources\ap-source-output -source 21 C:\Users\glori\OneDrive\Documentos\NetBeansProjects\Proyecto-Balances\PantallaInicio\src\Inicio\Inicio.java
java_class_path (initial): <not set>
Launcher Type: SUN_STANDARD

[Global flags]
     intx CICompilerCount                          = 2                                         {product} {ergonomic}
     uint ConcGCThreads                            = 1                                         {product} {ergonomic}
     uint G1ConcRefinementThreads                  = 2                                         {product} {ergonomic}
   size_t G1HeapRegionSize                         = 1048576                                   {product} {ergonomic}
    uintx GCDrainStackTargetSize                   = 64                                        {product} {ergonomic}
   size_t InitialHeapSize                          = 8388608                                   {product} {command line}
   size_t MarkStackSize                            = 4194304                                   {product} {ergonomic}
   size_t MaxHeapSize                              = 1023410176                                {product} {ergonomic}
   size_t MaxNewSize                               = 613416960                                 {product} {ergonomic}
   size_t MinHeapDeltaBytes                        = 1048576                                   {product} {ergonomic}
   size_t MinHeapSize                              = 8388608                                   {product} {command line}
    uintx NonNMethodCodeHeapSize                   = 5826188                                {pd product} {ergonomic}
    uintx NonProfiledCodeHeapSize                  = 122916026                              {pd product} {ergonomic}
    uintx ProfiledCodeHeapSize                     = 122916026                              {pd product} {ergonomic}
    uintx ReservedCodeCacheSize                    = 251658240                              {pd product} {ergonomic}
     bool SegmentedCodeCache                       = true                                      {product} {ergonomic}
   size_t SoftMaxHeapSize                          = 1023410176                             {manageable} {ergonomic}
     bool UseCompressedOops                        = true                           {product lp64_product} {ergonomic}
     bool UseG1GC                                  = true                                      {product} {ergonomic}
     bool UseLargePagesIndividualAllocation        = false                                  {pd product} {ergonomic}

Logging:
Log output configuration:
 #0: stdout all=warning uptime,level,tags foldmultilines=false
 #1: stderr all=off uptime,level,tags foldmultilines=false

Environment Variables:
PATH=C:\Program Files\Common Files\Oracle\Java\javapath;C:\WINDOWS\system32;C:\WINDOWS;C:\WINDOWS\System32\Wbem;C:\WINDOWS\System32\WindowsPowerShell\v1.0\;C:\WINDOWS\System32\OpenSSH\;C:\Program Files\Git\cmd;C:\Users\glori\AppData\Local\Microsoft\WindowsApps;C:\Users\glori\AppData\Local\Programs\Microsoft VS Code\bin
USERNAME=glori
OS=Windows_NT
PROCESSOR_IDENTIFIER=Intel64 Family 6 Model 122 Stepping 8, GenuineIntel
TMP=C:\Users\glori\AppData\Local\Temp
TEMP=C:\Users\glori\AppData\Local\Temp




Periodic native trim disabled

---------------  S Y S T E M  ---------------

OS:
 Windows 11 , 64 bit Build 22621 (10.0.22621.3085)
OS uptime: 1 days 19:20 hours

CPU: total 2 (initial active 2) (2 cores per cpu, 1 threads per core) family 6 model 122 stepping 8 microcode 0x18, cx8, cmov, fxsr, mmx, 3dnowpref, sse, sse2, sse3, ssse3, sse4.1, sse4.2, popcnt, tsc, tscinvbit, aes, erms, clmul, sha, clflush, clflushopt, rdtscp, rdpid
Processor Information for all 2 processors :
  Max Mhz: 1101, Current Mhz: 1101, Mhz Limit: 1101

Memory: 4k page, system-wide physical 3899M (254M free)
TotalPageFile size 10051M (AvailPageFile size 1M)
current process WorkingSet (physical memory assigned to process): 87M, peak: 87M
current process commit charge ("private bytes"): 108M, peak: 109M

vm_info: Java HotSpot(TM) 64-Bit Server VM (21.0.2+13-LTS-58) for windows-amd64 JRE (21.0.2+13-LTS-58), built on 2024-01-05T18:32:24Z by "mach5one" with MS VC++ 17.1 (VS2022)

END.
